{"/home/usuario/DSI/prct05/src/ejercicio-1/combat.ts": {"path":"/home/usuario/DSI/prct05/src/ejercicio-1/combat.ts","all":false,"statementMap":{"2":{"start":{"line":3,"column":0},"end":{"line":3,"column":21}},"3":{"start":{"line":4,"column":0},"end":{"line":4,"column":28}},"4":{"start":{"line":5,"column":0},"end":{"line":5,"column":28}},"6":{"start":{"line":7,"column":0},"end":{"line":7,"column":45}},"7":{"start":{"line":8,"column":0},"end":{"line":8,"column":25}},"8":{"start":{"line":9,"column":0},"end":{"line":9,"column":25}},"9":{"start":{"line":10,"column":0},"end":{"line":10,"column":3}},"11":{"start":{"line":12,"column":0},"end":{"line":12,"column":62}},"12":{"start":{"line":13,"column":0},"end":{"line":13,"column":22}},"13":{"start":{"line":14,"column":0},"end":{"line":14,"column":19}},"14":{"start":{"line":15,"column":0},"end":{"line":15,"column":26}},"15":{"start":{"line":16,"column":0},"end":{"line":16,"column":34}},"16":{"start":{"line":17,"column":0},"end":{"line":17,"column":33}},"17":{"start":{"line":18,"column":0},"end":{"line":18,"column":37}},"18":{"start":{"line":19,"column":0},"end":{"line":19,"column":32}},"19":{"start":{"line":20,"column":0},"end":{"line":20,"column":9}},"20":{"start":{"line":21,"column":0},"end":{"line":21,"column":18}},"21":{"start":{"line":22,"column":0},"end":{"line":22,"column":26}},"22":{"start":{"line":23,"column":0},"end":{"line":23,"column":36}},"23":{"start":{"line":24,"column":0},"end":{"line":24,"column":31}},"24":{"start":{"line":25,"column":0},"end":{"line":25,"column":39}},"25":{"start":{"line":26,"column":0},"end":{"line":26,"column":32}},"26":{"start":{"line":27,"column":0},"end":{"line":27,"column":9}},"27":{"start":{"line":28,"column":0},"end":{"line":28,"column":20}},"28":{"start":{"line":29,"column":0},"end":{"line":29,"column":26}},"29":{"start":{"line":30,"column":0},"end":{"line":30,"column":33}},"30":{"start":{"line":31,"column":0},"end":{"line":31,"column":31}},"31":{"start":{"line":32,"column":0},"end":{"line":32,"column":37}},"32":{"start":{"line":33,"column":0},"end":{"line":33,"column":34}},"33":{"start":{"line":34,"column":0},"end":{"line":34,"column":9}},"34":{"start":{"line":35,"column":0},"end":{"line":35,"column":23}},"35":{"start":{"line":36,"column":0},"end":{"line":36,"column":26}},"36":{"start":{"line":37,"column":0},"end":{"line":37,"column":34}},"37":{"start":{"line":38,"column":0},"end":{"line":38,"column":31}},"38":{"start":{"line":39,"column":0},"end":{"line":39,"column":37}},"39":{"start":{"line":40,"column":0},"end":{"line":40,"column":32}},"40":{"start":{"line":41,"column":0},"end":{"line":41,"column":9}},"41":{"start":{"line":42,"column":0},"end":{"line":42,"column":23}},"42":{"start":{"line":43,"column":0},"end":{"line":43,"column":5}},"43":{"start":{"line":44,"column":0},"end":{"line":44,"column":3}},"45":{"start":{"line":46,"column":0},"end":{"line":46,"column":17}},"46":{"start":{"line":47,"column":0},"end":{"line":47,"column":42}},"47":{"start":{"line":48,"column":0},"end":{"line":48,"column":42}},"48":{"start":{"line":49,"column":0},"end":{"line":49,"column":25}},"50":{"start":{"line":51,"column":0},"end":{"line":51,"column":81}},"51":{"start":{"line":52,"column":0},"end":{"line":52,"column":79}},"52":{"start":{"line":53,"column":0},"end":{"line":53,"column":139}},"53":{"start":{"line":54,"column":0},"end":{"line":54,"column":33}},"54":{"start":{"line":55,"column":0},"end":{"line":55,"column":62}},"55":{"start":{"line":56,"column":0},"end":{"line":56,"column":103}},"57":{"start":{"line":58,"column":0},"end":{"line":58,"column":40}},"58":{"start":{"line":59,"column":0},"end":{"line":59,"column":94}},"59":{"start":{"line":60,"column":0},"end":{"line":60,"column":13}},"60":{"start":{"line":61,"column":0},"end":{"line":61,"column":7}},"61":{"start":{"line":62,"column":0},"end":{"line":62,"column":70}},"62":{"start":{"line":63,"column":0},"end":{"line":63,"column":14}},"63":{"start":{"line":64,"column":0},"end":{"line":64,"column":5}},"64":{"start":{"line":65,"column":0},"end":{"line":65,"column":3}},"65":{"start":{"line":66,"column":0},"end":{"line":66,"column":1}}},"s":{"2":1,"3":1,"4":1,"6":1,"7":1,"8":1,"9":1,"11":1,"12":8,"13":8,"14":3,"15":3,"16":3,"17":3,"18":3,"19":3,"20":8,"21":1,"22":1,"23":1,"24":1,"25":1,"26":1,"27":8,"28":1,"29":1,"30":1,"31":1,"32":1,"33":1,"34":8,"35":2,"36":2,"37":2,"38":2,"39":2,"40":2,"41":8,"42":8,"43":8,"45":1,"46":1,"47":1,"48":1,"50":1,"51":1,"52":1,"53":1,"54":1,"55":1,"57":1,"58":1,"59":1,"60":1,"61":0,"62":0,"63":0,"64":1,"65":1},"branchMap":{"0":{"type":"branch","line":4,"loc":{"start":{"line":4,"column":10},"end":{"line":5,"column":28}},"locations":[{"start":{"line":4,"column":10},"end":{"line":5,"column":28}}]},"1":{"type":"branch","line":7,"loc":{"start":{"line":7,"column":2},"end":{"line":10,"column":3}},"locations":[{"start":{"line":7,"column":2},"end":{"line":10,"column":3}}]},"2":{"type":"branch","line":12,"loc":{"start":{"line":12,"column":2},"end":{"line":44,"column":3}},"locations":[{"start":{"line":12,"column":2},"end":{"line":44,"column":3}}]},"3":{"type":"branch","line":14,"loc":{"start":{"line":14,"column":6},"end":{"line":20,"column":9}},"locations":[{"start":{"line":14,"column":6},"end":{"line":20,"column":9}}]},"4":{"type":"branch","line":16,"loc":{"start":{"line":16,"column":10},"end":{"line":16,"column":34}},"locations":[{"start":{"line":16,"column":10},"end":{"line":16,"column":34}}]},"5":{"type":"branch","line":17,"loc":{"start":{"line":17,"column":10},"end":{"line":17,"column":33}},"locations":[{"start":{"line":17,"column":10},"end":{"line":17,"column":33}}]},"6":{"type":"branch","line":18,"loc":{"start":{"line":18,"column":10},"end":{"line":18,"column":37}},"locations":[{"start":{"line":18,"column":10},"end":{"line":18,"column":37}}]},"7":{"type":"branch","line":19,"loc":{"start":{"line":19,"column":10},"end":{"line":19,"column":32}},"locations":[{"start":{"line":19,"column":10},"end":{"line":19,"column":32}}]},"8":{"type":"branch","line":21,"loc":{"start":{"line":21,"column":6},"end":{"line":27,"column":9}},"locations":[{"start":{"line":21,"column":6},"end":{"line":27,"column":9}}]},"9":{"type":"branch","line":23,"loc":{"start":{"line":23,"column":10},"end":{"line":23,"column":36}},"locations":[{"start":{"line":23,"column":10},"end":{"line":23,"column":36}}]},"10":{"type":"branch","line":24,"loc":{"start":{"line":24,"column":10},"end":{"line":24,"column":31}},"locations":[{"start":{"line":24,"column":10},"end":{"line":24,"column":31}}]},"11":{"type":"branch","line":25,"loc":{"start":{"line":25,"column":10},"end":{"line":25,"column":39}},"locations":[{"start":{"line":25,"column":10},"end":{"line":25,"column":39}}]},"12":{"type":"branch","line":28,"loc":{"start":{"line":28,"column":6},"end":{"line":34,"column":9}},"locations":[{"start":{"line":28,"column":6},"end":{"line":34,"column":9}}]},"13":{"type":"branch","line":30,"loc":{"start":{"line":30,"column":10},"end":{"line":30,"column":33}},"locations":[{"start":{"line":30,"column":10},"end":{"line":30,"column":33}}]},"14":{"type":"branch","line":32,"loc":{"start":{"line":32,"column":10},"end":{"line":32,"column":37}},"locations":[{"start":{"line":32,"column":10},"end":{"line":32,"column":37}}]},"15":{"type":"branch","line":33,"loc":{"start":{"line":33,"column":10},"end":{"line":33,"column":34}},"locations":[{"start":{"line":33,"column":10},"end":{"line":33,"column":34}}]},"16":{"type":"branch","line":35,"loc":{"start":{"line":35,"column":6},"end":{"line":41,"column":9}},"locations":[{"start":{"line":35,"column":6},"end":{"line":41,"column":9}}]},"17":{"type":"branch","line":37,"loc":{"start":{"line":37,"column":10},"end":{"line":37,"column":34}},"locations":[{"start":{"line":37,"column":10},"end":{"line":37,"column":34}}]},"18":{"type":"branch","line":38,"loc":{"start":{"line":38,"column":10},"end":{"line":38,"column":31}},"locations":[{"start":{"line":38,"column":10},"end":{"line":38,"column":31}}]},"19":{"type":"branch","line":39,"loc":{"start":{"line":39,"column":10},"end":{"line":39,"column":37}},"locations":[{"start":{"line":39,"column":10},"end":{"line":39,"column":37}}]},"20":{"type":"branch","line":40,"loc":{"start":{"line":40,"column":10},"end":{"line":40,"column":32}},"locations":[{"start":{"line":40,"column":10},"end":{"line":40,"column":32}}]},"21":{"type":"branch","line":42,"loc":{"start":{"line":42,"column":6},"end":{"line":42,"column":23}},"locations":[{"start":{"line":42,"column":6},"end":{"line":42,"column":23}}]},"22":{"type":"branch","line":46,"loc":{"start":{"line":46,"column":2},"end":{"line":65,"column":3}},"locations":[{"start":{"line":46,"column":2},"end":{"line":65,"column":3}}]},"23":{"type":"branch","line":61,"loc":{"start":{"line":61,"column":6},"end":{"line":64,"column":5}},"locations":[{"start":{"line":61,"column":6},"end":{"line":64,"column":5}}]}},"b":{"0":[1],"1":[1],"2":[8],"3":[3],"4":[2],"5":[1],"6":[0],"7":[0],"8":[1],"9":[0],"10":[0],"11":[0],"12":[1],"13":[0],"14":[0],"15":[0],"16":[2],"17":[1],"18":[1],"19":[0],"20":[0],"21":[1],"22":[1],"23":[0]},"fnMap":{"0":{"name":"<instance_members_initializer>","decl":{"start":{"line":4,"column":10},"end":{"line":5,"column":28}},"loc":{"start":{"line":4,"column":10},"end":{"line":5,"column":28}},"line":4},"1":{"name":"Combat","decl":{"start":{"line":7,"column":2},"end":{"line":10,"column":3}},"loc":{"start":{"line":7,"column":2},"end":{"line":10,"column":3}},"line":7},"2":{"name":"getEfectividad","decl":{"start":{"line":12,"column":2},"end":{"line":44,"column":3}},"loc":{"start":{"line":12,"column":2},"end":{"line":44,"column":3}},"line":12},"3":{"name":"start","decl":{"start":{"line":46,"column":2},"end":{"line":65,"column":3}},"loc":{"start":{"line":46,"column":2},"end":{"line":65,"column":3}},"line":46}},"f":{"0":1,"1":1,"2":8,"3":1}}
,"/home/usuario/DSI/prct05/src/ejercicio-1/main.ts": {"path":"/home/usuario/DSI/prct05/src/ejercicio-1/main.ts","all":true,"statementMap":{},"s":{},"branchMap":{"0":{"type":"branch","line":1,"loc":{"start":{"line":1,"column":0},"end":{"line":1,"column":0}},"locations":[{"start":{"line":1,"column":0},"end":{"line":1,"column":0}}]}},"b":{"0":[1]},"fnMap":{"0":{"name":"(empty-report)","decl":{"start":{"line":1,"column":0},"end":{"line":1,"column":0}},"loc":{"start":{"line":1,"column":0},"end":{"line":1,"column":0}},"line":1}},"f":{"0":1}}
,"/home/usuario/DSI/prct05/src/ejercicio-1/pokedex.ts": {"path":"/home/usuario/DSI/prct05/src/ejercicio-1/pokedex.ts","all":false,"statementMap":{"2":{"start":{"line":3,"column":0},"end":{"line":3,"column":22}},"3":{"start":{"line":4,"column":0},"end":{"line":4,"column":29}},"5":{"start":{"line":6,"column":0},"end":{"line":6,"column":32}},"6":{"start":{"line":7,"column":0},"end":{"line":7,"column":24}},"7":{"start":{"line":8,"column":0},"end":{"line":8,"column":3}},"9":{"start":{"line":10,"column":0},"end":{"line":10,"column":38}},"10":{"start":{"line":11,"column":0},"end":{"line":11,"column":31}},"11":{"start":{"line":12,"column":0},"end":{"line":12,"column":3}},"13":{"start":{"line":14,"column":0},"end":{"line":14,"column":19}},"14":{"start":{"line":15,"column":0},"end":{"line":15,"column":24}},"15":{"start":{"line":16,"column":0},"end":{"line":16,"column":3}},"17":{"start":{"line":18,"column":0},"end":{"line":18,"column":54}},"18":{"start":{"line":19,"column":0},"end":{"line":19,"column":27}},"19":{"start":{"line":20,"column":0},"end":{"line":20,"column":37}},"20":{"start":{"line":21,"column":0},"end":{"line":21,"column":34}},"21":{"start":{"line":22,"column":0},"end":{"line":22,"column":6}},"22":{"start":{"line":23,"column":0},"end":{"line":23,"column":45}},"23":{"start":{"line":24,"column":0},"end":{"line":24,"column":3}},"24":{"start":{"line":25,"column":0},"end":{"line":25,"column":1}}},"s":{"2":1,"3":1,"5":1,"6":1,"7":1,"9":1,"10":1,"11":1,"13":1,"14":1,"15":1,"17":1,"18":2,"19":2,"20":6,"21":2,"22":2,"23":2,"24":1},"branchMap":{"0":{"type":"branch","line":4,"loc":{"start":{"line":4,"column":10},"end":{"line":4,"column":29}},"locations":[{"start":{"line":4,"column":10},"end":{"line":4,"column":29}}]},"1":{"type":"branch","line":6,"loc":{"start":{"line":6,"column":2},"end":{"line":8,"column":3}},"locations":[{"start":{"line":6,"column":2},"end":{"line":8,"column":3}}]},"2":{"type":"branch","line":10,"loc":{"start":{"line":10,"column":2},"end":{"line":12,"column":3}},"locations":[{"start":{"line":10,"column":2},"end":{"line":12,"column":3}}]},"3":{"type":"branch","line":14,"loc":{"start":{"line":14,"column":2},"end":{"line":16,"column":3}},"locations":[{"start":{"line":14,"column":2},"end":{"line":16,"column":3}}]},"4":{"type":"branch","line":18,"loc":{"start":{"line":18,"column":2},"end":{"line":24,"column":3}},"locations":[{"start":{"line":18,"column":2},"end":{"line":24,"column":3}}]},"5":{"type":"branch","line":23,"loc":{"start":{"line":23,"column":26},"end":{"line":23,"column":42}},"locations":[{"start":{"line":23,"column":26},"end":{"line":23,"column":42}}]},"6":{"type":"branch","line":23,"loc":{"start":{"line":23,"column":30},"end":{"line":23,"column":45}},"locations":[{"start":{"line":23,"column":30},"end":{"line":23,"column":45}}]},"7":{"type":"branch","line":20,"loc":{"start":{"line":20,"column":31},"end":{"line":22,"column":5}},"locations":[{"start":{"line":20,"column":31},"end":{"line":22,"column":5}}]}},"b":{"0":[1],"1":[1],"2":[1],"3":[1],"4":[2],"5":[1],"6":[1],"7":[6]},"fnMap":{"0":{"name":"<instance_members_initializer>","decl":{"start":{"line":4,"column":10},"end":{"line":4,"column":29}},"loc":{"start":{"line":4,"column":10},"end":{"line":4,"column":29}},"line":4},"1":{"name":"Pokedex","decl":{"start":{"line":6,"column":2},"end":{"line":8,"column":3}},"loc":{"start":{"line":6,"column":2},"end":{"line":8,"column":3}},"line":6},"2":{"name":"addPokemon","decl":{"start":{"line":10,"column":2},"end":{"line":12,"column":3}},"loc":{"start":{"line":10,"column":2},"end":{"line":12,"column":3}},"line":10},"3":{"name":"getAllPokemon","decl":{"start":{"line":14,"column":2},"end":{"line":16,"column":3}},"loc":{"start":{"line":14,"column":2},"end":{"line":16,"column":3}},"line":14},"4":{"name":"searchPokemon","decl":{"start":{"line":18,"column":2},"end":{"line":24,"column":3}},"loc":{"start":{"line":18,"column":2},"end":{"line":24,"column":3}},"line":18}},"f":{"0":1,"1":1,"2":1,"3":1,"4":2}}
,"/home/usuario/DSI/prct05/src/ejercicio-1/pokemon.ts": {"path":"/home/usuario/DSI/prct05/src/ejercicio-1/pokemon.ts","all":false,"statementMap":{"3":{"start":{"line":4,"column":0},"end":{"line":4,"column":22}},"4":{"start":{"line":5,"column":0},"end":{"line":5,"column":23}},"5":{"start":{"line":6,"column":0},"end":{"line":6,"column":34}},"6":{"start":{"line":7,"column":0},"end":{"line":7,"column":25}},"7":{"start":{"line":8,"column":0},"end":{"line":8,"column":33}},"9":{"start":{"line":10,"column":0},"end":{"line":10,"column":94}},"10":{"start":{"line":11,"column":0},"end":{"line":11,"column":21}},"11":{"start":{"line":12,"column":0},"end":{"line":12,"column":35}},"12":{"start":{"line":13,"column":0},"end":{"line":13,"column":21}},"13":{"start":{"line":14,"column":0},"end":{"line":14,"column":33}},"14":{"start":{"line":15,"column":0},"end":{"line":15,"column":3}},"16":{"start":{"line":17,"column":0},"end":{"line":17,"column":14}},"17":{"start":{"line":18,"column":0},"end":{"line":18,"column":21}},"18":{"start":{"line":19,"column":0},"end":{"line":19,"column":3}},"20":{"start":{"line":21,"column":0},"end":{"line":21,"column":20}},"21":{"start":{"line":22,"column":0},"end":{"line":22,"column":28}},"22":{"start":{"line":23,"column":0},"end":{"line":23,"column":3}},"24":{"start":{"line":25,"column":0},"end":{"line":25,"column":14}},"25":{"start":{"line":26,"column":0},"end":{"line":26,"column":21}},"26":{"start":{"line":27,"column":0},"end":{"line":27,"column":3}},"28":{"start":{"line":29,"column":0},"end":{"line":29,"column":20}},"29":{"start":{"line":30,"column":0},"end":{"line":30,"column":27}},"30":{"start":{"line":31,"column":0},"end":{"line":31,"column":3}},"32":{"start":{"line":33,"column":0},"end":{"line":33,"column":37}},"33":{"start":{"line":34,"column":0},"end":{"line":34,"column":28}},"34":{"start":{"line":35,"column":0},"end":{"line":35,"column":3}},"35":{"start":{"line":36,"column":0},"end":{"line":36,"column":1}}},"s":{"3":1,"4":1,"5":7,"6":7,"7":7,"9":1,"10":7,"11":7,"12":7,"13":7,"14":7,"16":1,"17":7,"18":7,"20":1,"21":2,"22":2,"24":1,"25":10,"26":10,"28":1,"29":11,"30":11,"32":1,"33":1,"34":1,"35":1},"branchMap":{"0":{"type":"branch","line":5,"loc":{"start":{"line":5,"column":10},"end":{"line":8,"column":33}},"locations":[{"start":{"line":5,"column":10},"end":{"line":8,"column":33}}]},"1":{"type":"branch","line":10,"loc":{"start":{"line":10,"column":2},"end":{"line":15,"column":3}},"locations":[{"start":{"line":10,"column":2},"end":{"line":15,"column":3}}]},"2":{"type":"branch","line":17,"loc":{"start":{"line":17,"column":2},"end":{"line":19,"column":3}},"locations":[{"start":{"line":17,"column":2},"end":{"line":19,"column":3}}]},"3":{"type":"branch","line":21,"loc":{"start":{"line":21,"column":2},"end":{"line":23,"column":3}},"locations":[{"start":{"line":21,"column":2},"end":{"line":23,"column":3}}]},"4":{"type":"branch","line":25,"loc":{"start":{"line":25,"column":2},"end":{"line":27,"column":3}},"locations":[{"start":{"line":25,"column":2},"end":{"line":27,"column":3}}]},"5":{"type":"branch","line":29,"loc":{"start":{"line":29,"column":2},"end":{"line":31,"column":3}},"locations":[{"start":{"line":29,"column":2},"end":{"line":31,"column":3}}]},"6":{"type":"branch","line":33,"loc":{"start":{"line":33,"column":2},"end":{"line":35,"column":3}},"locations":[{"start":{"line":33,"column":2},"end":{"line":35,"column":3}}]}},"b":{"0":[7],"1":[7],"2":[7],"3":[2],"4":[10],"5":[11],"6":[1]},"fnMap":{"0":{"name":"<instance_members_initializer>","decl":{"start":{"line":5,"column":10},"end":{"line":8,"column":33}},"loc":{"start":{"line":5,"column":10},"end":{"line":8,"column":33}},"line":5},"1":{"name":"Pokemon","decl":{"start":{"line":10,"column":2},"end":{"line":15,"column":3}},"loc":{"start":{"line":10,"column":2},"end":{"line":15,"column":3}},"line":10},"2":{"name":"get name","decl":{"start":{"line":17,"column":2},"end":{"line":19,"column":3}},"loc":{"start":{"line":17,"column":2},"end":{"line":19,"column":3}},"line":17},"3":{"name":"get pesoAltura","decl":{"start":{"line":21,"column":2},"end":{"line":23,"column":3}},"loc":{"start":{"line":21,"column":2},"end":{"line":23,"column":3}},"line":21},"4":{"name":"get type","decl":{"start":{"line":25,"column":2},"end":{"line":27,"column":3}},"loc":{"start":{"line":25,"column":2},"end":{"line":27,"column":3}},"line":25},"5":{"name":"get statistics","decl":{"start":{"line":29,"column":2},"end":{"line":31,"column":3}},"loc":{"start":{"line":29,"column":2},"end":{"line":31,"column":3}},"line":29},"6":{"name":"set statistics","decl":{"start":{"line":33,"column":2},"end":{"line":35,"column":3}},"loc":{"start":{"line":33,"column":2},"end":{"line":35,"column":3}},"line":33}},"f":{"0":7,"1":7,"2":7,"3":2,"4":10,"5":11,"6":1}}
,"/home/usuario/DSI/prct05/src/ejercicio-2/artista.ts": {"path":"/home/usuario/DSI/prct05/src/ejercicio-2/artista.ts","all":false,"statementMap":{"2":{"start":{"line":3,"column":0},"end":{"line":3,"column":22}},"6":{"start":{"line":7,"column":0},"end":{"line":7,"column":25}},"11":{"start":{"line":12,"column":0},"end":{"line":12,"column":26}},"16":{"start":{"line":17,"column":0},"end":{"line":17,"column":37}},"25":{"start":{"line":26,"column":0},"end":{"line":26,"column":76}},"26":{"start":{"line":27,"column":0},"end":{"line":27,"column":25}},"27":{"start":{"line":28,"column":0},"end":{"line":28,"column":27}},"28":{"start":{"line":29,"column":0},"end":{"line":29,"column":35}},"29":{"start":{"line":30,"column":0},"end":{"line":30,"column":3}},"34":{"start":{"line":35,"column":0},"end":{"line":35,"column":16}},"35":{"start":{"line":36,"column":0},"end":{"line":36,"column":23}},"36":{"start":{"line":37,"column":0},"end":{"line":37,"column":3}},"41":{"start":{"line":42,"column":0},"end":{"line":42,"column":17}},"42":{"start":{"line":43,"column":0},"end":{"line":43,"column":24}},"43":{"start":{"line":44,"column":0},"end":{"line":44,"column":3}},"48":{"start":{"line":49,"column":0},"end":{"line":49,"column":21}},"49":{"start":{"line":50,"column":0},"end":{"line":50,"column":28}},"50":{"start":{"line":51,"column":0},"end":{"line":51,"column":3}},"51":{"start":{"line":52,"column":0},"end":{"line":52,"column":1}}},"s":{"2":1,"6":1,"11":3,"16":3,"25":1,"26":3,"27":3,"28":3,"29":3,"34":1,"35":9,"36":9,"41":1,"42":3,"43":3,"48":1,"49":37,"50":37,"51":1},"branchMap":{"0":{"type":"branch","line":7,"loc":{"start":{"line":7,"column":10},"end":{"line":17,"column":37}},"locations":[{"start":{"line":7,"column":10},"end":{"line":17,"column":37}}]},"1":{"type":"branch","line":26,"loc":{"start":{"line":26,"column":2},"end":{"line":30,"column":3}},"locations":[{"start":{"line":26,"column":2},"end":{"line":30,"column":3}}]},"2":{"type":"branch","line":35,"loc":{"start":{"line":35,"column":2},"end":{"line":37,"column":3}},"locations":[{"start":{"line":35,"column":2},"end":{"line":37,"column":3}}]},"3":{"type":"branch","line":42,"loc":{"start":{"line":42,"column":2},"end":{"line":44,"column":3}},"locations":[{"start":{"line":42,"column":2},"end":{"line":44,"column":3}}]},"4":{"type":"branch","line":49,"loc":{"start":{"line":49,"column":2},"end":{"line":51,"column":3}},"locations":[{"start":{"line":49,"column":2},"end":{"line":51,"column":3}}]}},"b":{"0":[3],"1":[3],"2":[9],"3":[3],"4":[37]},"fnMap":{"0":{"name":"<instance_members_initializer>","decl":{"start":{"line":7,"column":10},"end":{"line":17,"column":37}},"loc":{"start":{"line":7,"column":10},"end":{"line":17,"column":37}},"line":7},"1":{"name":"Artista","decl":{"start":{"line":26,"column":2},"end":{"line":30,"column":3}},"loc":{"start":{"line":26,"column":2},"end":{"line":30,"column":3}},"line":26},"2":{"name":"get nombre","decl":{"start":{"line":35,"column":2},"end":{"line":37,"column":3}},"loc":{"start":{"line":35,"column":2},"end":{"line":37,"column":3}},"line":35},"3":{"name":"get oyentes","decl":{"start":{"line":42,"column":2},"end":{"line":44,"column":3}},"loc":{"start":{"line":42,"column":2},"end":{"line":44,"column":3}},"line":42},"4":{"name":"get discografia","decl":{"start":{"line":49,"column":2},"end":{"line":51,"column":3}},"loc":{"start":{"line":49,"column":2},"end":{"line":51,"column":3}},"line":49}},"f":{"0":3,"1":3,"2":9,"3":3,"4":37}}
,"/home/usuario/DSI/prct05/src/ejercicio-2/biblioteca.ts": {"path":"/home/usuario/DSI/prct05/src/ejercicio-2/biblioteca.ts","all":false,"statementMap":{"2":{"start":{"line":3,"column":0},"end":{"line":3,"column":25}},"6":{"start":{"line":7,"column":0},"end":{"line":7,"column":30}},"13":{"start":{"line":14,"column":0},"end":{"line":14,"column":36}},"14":{"start":{"line":15,"column":0},"end":{"line":15,"column":29}},"15":{"start":{"line":16,"column":0},"end":{"line":16,"column":3}},"20":{"start":{"line":21,"column":0},"end":{"line":21,"column":18}},"21":{"start":{"line":22,"column":0},"end":{"line":22,"column":25}},"22":{"start":{"line":23,"column":0},"end":{"line":23,"column":3}},"29":{"start":{"line":30,"column":0},"end":{"line":30,"column":39}},"31":{"start":{"line":32,"column":0},"end":{"line":32,"column":51}},"32":{"start":{"line":33,"column":0},"end":{"line":33,"column":14}},"33":{"start":{"line":34,"column":0},"end":{"line":34,"column":32}},"34":{"start":{"line":35,"column":0},"end":{"line":35,"column":33}},"35":{"start":{"line":36,"column":0},"end":{"line":36,"column":80}},"36":{"start":{"line":37,"column":0},"end":{"line":37,"column":114}},"37":{"start":{"line":38,"column":0},"end":{"line":38,"column":7}},"38":{"start":{"line":39,"column":0},"end":{"line":39,"column":7}},"39":{"start":{"line":40,"column":0},"end":{"line":40,"column":34}},"40":{"start":{"line":41,"column":0},"end":{"line":41,"column":3}},"48":{"start":{"line":49,"column":0},"end":{"line":49,"column":44}},"49":{"start":{"line":50,"column":0},"end":{"line":50,"column":58}},"50":{"start":{"line":51,"column":0},"end":{"line":51,"column":3}},"58":{"start":{"line":59,"column":0},"end":{"line":59,"column":42}},"59":{"start":{"line":60,"column":0},"end":{"line":60,"column":44}},"60":{"start":{"line":61,"column":0},"end":{"line":61,"column":39}},"61":{"start":{"line":62,"column":0},"end":{"line":62,"column":31}},"62":{"start":{"line":63,"column":0},"end":{"line":63,"column":7}},"63":{"start":{"line":64,"column":0},"end":{"line":64,"column":5}},"64":{"start":{"line":65,"column":0},"end":{"line":65,"column":3}},"72":{"start":{"line":73,"column":0},"end":{"line":73,"column":46}},"73":{"start":{"line":74,"column":0},"end":{"line":74,"column":44}},"74":{"start":{"line":75,"column":0},"end":{"line":75,"column":39}},"75":{"start":{"line":76,"column":0},"end":{"line":76,"column":40}},"76":{"start":{"line":77,"column":0},"end":{"line":77,"column":35}},"77":{"start":{"line":78,"column":0},"end":{"line":78,"column":9}},"78":{"start":{"line":79,"column":0},"end":{"line":79,"column":7}},"79":{"start":{"line":80,"column":0},"end":{"line":80,"column":5}},"80":{"start":{"line":81,"column":0},"end":{"line":81,"column":3}},"88":{"start":{"line":89,"column":0},"end":{"line":89,"column":40}},"89":{"start":{"line":90,"column":0},"end":{"line":90,"column":27}},"90":{"start":{"line":91,"column":0},"end":{"line":91,"column":49}},"91":{"start":{"line":92,"column":0},"end":{"line":92,"column":44}},"92":{"start":{"line":93,"column":0},"end":{"line":93,"column":47}},"93":{"start":{"line":94,"column":0},"end":{"line":94,"column":9}},"94":{"start":{"line":95,"column":0},"end":{"line":95,"column":7}},"95":{"start":{"line":96,"column":0},"end":{"line":96,"column":26}},"96":{"start":{"line":97,"column":0},"end":{"line":97,"column":3}},"104":{"start":{"line":105,"column":0},"end":{"line":105,"column":41}},"105":{"start":{"line":106,"column":0},"end":{"line":106,"column":28}},"106":{"start":{"line":107,"column":0},"end":{"line":107,"column":38}},"107":{"start":{"line":108,"column":0},"end":{"line":108,"column":44}},"108":{"start":{"line":109,"column":0},"end":{"line":109,"column":38}},"109":{"start":{"line":110,"column":0},"end":{"line":110,"column":46}},"110":{"start":{"line":111,"column":0},"end":{"line":111,"column":40}},"111":{"start":{"line":112,"column":0},"end":{"line":112,"column":13}},"112":{"start":{"line":113,"column":0},"end":{"line":113,"column":9}},"113":{"start":{"line":114,"column":0},"end":{"line":114,"column":8}},"114":{"start":{"line":115,"column":0},"end":{"line":115,"column":6}},"115":{"start":{"line":116,"column":0},"end":{"line":116,"column":19}},"116":{"start":{"line":117,"column":0},"end":{"line":117,"column":3}},"124":{"start":{"line":125,"column":0},"end":{"line":125,"column":45}},"125":{"start":{"line":126,"column":0},"end":{"line":126,"column":33}},"126":{"start":{"line":127,"column":0},"end":{"line":127,"column":38}},"127":{"start":{"line":128,"column":0},"end":{"line":128,"column":44}},"128":{"start":{"line":129,"column":0},"end":{"line":129,"column":38}},"129":{"start":{"line":130,"column":0},"end":{"line":130,"column":46}},"130":{"start":{"line":131,"column":0},"end":{"line":131,"column":51}},"131":{"start":{"line":132,"column":0},"end":{"line":132,"column":13}},"132":{"start":{"line":133,"column":0},"end":{"line":133,"column":9}},"133":{"start":{"line":134,"column":0},"end":{"line":134,"column":8}},"134":{"start":{"line":135,"column":0},"end":{"line":135,"column":6}},"135":{"start":{"line":136,"column":0},"end":{"line":136,"column":24}},"136":{"start":{"line":137,"column":0},"end":{"line":137,"column":3}},"138":{"start":{"line":139,"column":0},"end":{"line":139,"column":1}}},"s":{"2":1,"6":1,"13":1,"14":1,"15":1,"20":1,"21":2,"22":2,"29":1,"31":1,"32":2,"33":2,"34":2,"35":2,"36":2,"37":2,"38":1,"39":1,"40":1,"48":1,"49":3,"50":3,"58":1,"59":6,"60":12,"61":12,"62":12,"63":6,"64":6,"72":1,"73":3,"74":6,"75":6,"76":10,"77":6,"78":6,"79":3,"80":3,"88":1,"89":3,"90":3,"91":2,"92":2,"93":2,"94":3,"95":3,"96":3,"104":1,"105":3,"106":3,"107":6,"108":6,"109":2,"110":4,"111":2,"112":2,"113":6,"114":3,"115":3,"116":3,"124":1,"125":3,"126":3,"127":6,"128":6,"129":2,"130":4,"131":2,"132":2,"133":6,"134":3,"135":3,"136":3,"138":1},"branchMap":{"0":{"type":"branch","line":7,"loc":{"start":{"line":7,"column":10},"end":{"line":7,"column":30}},"locations":[{"start":{"line":7,"column":10},"end":{"line":7,"column":30}}]},"1":{"type":"branch","line":14,"loc":{"start":{"line":14,"column":2},"end":{"line":16,"column":3}},"locations":[{"start":{"line":14,"column":2},"end":{"line":16,"column":3}}]},"2":{"type":"branch","line":21,"loc":{"start":{"line":21,"column":2},"end":{"line":23,"column":3}},"locations":[{"start":{"line":21,"column":2},"end":{"line":23,"column":3}}]},"3":{"type":"branch","line":30,"loc":{"start":{"line":30,"column":2},"end":{"line":41,"column":3}},"locations":[{"start":{"line":30,"column":2},"end":{"line":41,"column":3}}]},"4":{"type":"branch","line":32,"loc":{"start":{"line":32,"column":39},"end":{"line":39,"column":5}},"locations":[{"start":{"line":32,"column":39},"end":{"line":39,"column":5}}]},"5":{"type":"branch","line":36,"loc":{"start":{"line":36,"column":46},"end":{"line":36,"column":67}},"locations":[{"start":{"line":36,"column":46},"end":{"line":36,"column":67}}]},"6":{"type":"branch","line":37,"loc":{"start":{"line":37,"column":47},"end":{"line":37,"column":102}},"locations":[{"start":{"line":37,"column":47},"end":{"line":37,"column":102}}]},"7":{"type":"branch","line":37,"loc":{"start":{"line":37,"column":76},"end":{"line":37,"column":101}},"locations":[{"start":{"line":37,"column":76},"end":{"line":37,"column":101}}]},"8":{"type":"branch","line":49,"loc":{"start":{"line":49,"column":2},"end":{"line":51,"column":3}},"locations":[{"start":{"line":49,"column":2},"end":{"line":51,"column":3}}]},"9":{"type":"branch","line":50,"loc":{"start":{"line":50,"column":33},"end":{"line":50,"column":57}},"locations":[{"start":{"line":50,"column":33},"end":{"line":50,"column":57}}]},"10":{"type":"branch","line":59,"loc":{"start":{"line":59,"column":2},"end":{"line":65,"column":3}},"locations":[{"start":{"line":59,"column":2},"end":{"line":65,"column":3}}]},"11":{"type":"branch","line":60,"loc":{"start":{"line":60,"column":34},"end":{"line":63,"column":7}},"locations":[{"start":{"line":60,"column":34},"end":{"line":63,"column":7}}]},"12":{"type":"branch","line":61,"loc":{"start":{"line":61,"column":31},"end":{"line":62,"column":31}},"locations":[{"start":{"line":61,"column":31},"end":{"line":62,"column":31}}]},"13":{"type":"branch","line":73,"loc":{"start":{"line":73,"column":2},"end":{"line":81,"column":3}},"locations":[{"start":{"line":73,"column":2},"end":{"line":81,"column":3}}]},"14":{"type":"branch","line":74,"loc":{"start":{"line":74,"column":34},"end":{"line":79,"column":7}},"locations":[{"start":{"line":74,"column":34},"end":{"line":79,"column":7}}]},"15":{"type":"branch","line":75,"loc":{"start":{"line":75,"column":31},"end":{"line":78,"column":9}},"locations":[{"start":{"line":75,"column":31},"end":{"line":78,"column":9}}]},"16":{"type":"branch","line":76,"loc":{"start":{"line":76,"column":29},"end":{"line":77,"column":35}},"locations":[{"start":{"line":76,"column":29},"end":{"line":77,"column":35}}]},"17":{"type":"branch","line":89,"loc":{"start":{"line":89,"column":2},"end":{"line":97,"column":3}},"locations":[{"start":{"line":89,"column":2},"end":{"line":97,"column":3}}]},"18":{"type":"branch","line":91,"loc":{"start":{"line":91,"column":37},"end":{"line":95,"column":5}},"locations":[{"start":{"line":91,"column":37},"end":{"line":95,"column":5}}]},"19":{"type":"branch","line":92,"loc":{"start":{"line":92,"column":34},"end":{"line":94,"column":7}},"locations":[{"start":{"line":92,"column":34},"end":{"line":94,"column":7}}]},"20":{"type":"branch","line":105,"loc":{"start":{"line":105,"column":2},"end":{"line":117,"column":3}},"locations":[{"start":{"line":105,"column":2},"end":{"line":117,"column":3}}]},"21":{"type":"branch","line":107,"loc":{"start":{"line":107,"column":27},"end":{"line":114,"column":8}},"locations":[{"start":{"line":107,"column":27},"end":{"line":114,"column":8}}]},"22":{"type":"branch","line":108,"loc":{"start":{"line":108,"column":34},"end":{"line":114,"column":7}},"locations":[{"start":{"line":108,"column":34},"end":{"line":114,"column":7}}]},"23":{"type":"branch","line":109,"loc":{"start":{"line":109,"column":37},"end":{"line":113,"column":9}},"locations":[{"start":{"line":109,"column":37},"end":{"line":113,"column":9}}]},"24":{"type":"branch","line":110,"loc":{"start":{"line":110,"column":34},"end":{"line":112,"column":11}},"locations":[{"start":{"line":110,"column":34},"end":{"line":112,"column":11}}]},"25":{"type":"branch","line":125,"loc":{"start":{"line":125,"column":2},"end":{"line":137,"column":3}},"locations":[{"start":{"line":125,"column":2},"end":{"line":137,"column":3}}]},"26":{"type":"branch","line":127,"loc":{"start":{"line":127,"column":27},"end":{"line":134,"column":8}},"locations":[{"start":{"line":127,"column":27},"end":{"line":134,"column":8}}]},"27":{"type":"branch","line":128,"loc":{"start":{"line":128,"column":34},"end":{"line":134,"column":7}},"locations":[{"start":{"line":128,"column":34},"end":{"line":134,"column":7}}]},"28":{"type":"branch","line":129,"loc":{"start":{"line":129,"column":37},"end":{"line":133,"column":9}},"locations":[{"start":{"line":129,"column":37},"end":{"line":133,"column":9}}]},"29":{"type":"branch","line":130,"loc":{"start":{"line":130,"column":34},"end":{"line":132,"column":11}},"locations":[{"start":{"line":130,"column":34},"end":{"line":132,"column":11}}]}},"b":{"0":[1],"1":[1],"2":[2],"3":[1],"4":[2],"5":[2],"6":[2],"7":[4],"8":[3],"9":[6],"10":[6],"11":[12],"12":[12],"13":[3],"14":[6],"15":[6],"16":[10],"17":[3],"18":[2],"19":[2],"20":[3],"21":[6],"22":[6],"23":[2],"24":[4],"25":[3],"26":[6],"27":[6],"28":[2],"29":[4]},"fnMap":{"0":{"name":"<instance_members_initializer>","decl":{"start":{"line":7,"column":10},"end":{"line":7,"column":30}},"loc":{"start":{"line":7,"column":10},"end":{"line":7,"column":30}},"line":7},"1":{"name":"Biblioteca","decl":{"start":{"line":14,"column":2},"end":{"line":16,"column":3}},"loc":{"start":{"line":14,"column":2},"end":{"line":16,"column":3}},"line":14},"2":{"name":"get artistas","decl":{"start":{"line":21,"column":2},"end":{"line":23,"column":3}},"loc":{"start":{"line":21,"column":2},"end":{"line":23,"column":3}},"line":21},"3":{"name":"imprimir","decl":{"start":{"line":30,"column":2},"end":{"line":41,"column":3}},"loc":{"start":{"line":30,"column":2},"end":{"line":41,"column":3}},"line":30},"4":{"name":"buscarArtista","decl":{"start":{"line":49,"column":2},"end":{"line":51,"column":3}},"loc":{"start":{"line":49,"column":2},"end":{"line":51,"column":3}},"line":49},"5":{"name":"buscarDisco","decl":{"start":{"line":59,"column":2},"end":{"line":65,"column":3}},"loc":{"start":{"line":59,"column":2},"end":{"line":65,"column":3}},"line":59},"6":{"name":"buscarCanciones","decl":{"start":{"line":73,"column":2},"end":{"line":81,"column":3}},"loc":{"start":{"line":73,"column":2},"end":{"line":81,"column":3}},"line":73},"7":{"name":"numCanciones","decl":{"start":{"line":89,"column":2},"end":{"line":97,"column":3}},"loc":{"start":{"line":89,"column":2},"end":{"line":97,"column":3}},"line":89},"8":{"name":"duracionDisco","decl":{"start":{"line":105,"column":2},"end":{"line":117,"column":3}},"loc":{"start":{"line":105,"column":2},"end":{"line":117,"column":3}},"line":105},"9":{"name":"reproduccionDisco","decl":{"start":{"line":125,"column":2},"end":{"line":137,"column":3}},"loc":{"start":{"line":125,"column":2},"end":{"line":137,"column":3}},"line":125}},"f":{"0":1,"1":1,"2":2,"3":1,"4":3,"5":6,"6":3,"7":3,"8":3,"9":3}}
,"/home/usuario/DSI/prct05/src/ejercicio-2/cancion.ts": {"path":"/home/usuario/DSI/prct05/src/ejercicio-2/cancion.ts","all":false,"statementMap":{"0":{"start":{"line":1,"column":0},"end":{"line":1,"column":22}},"1":{"start":{"line":2,"column":0},"end":{"line":2,"column":25}},"2":{"start":{"line":3,"column":0},"end":{"line":3,"column":27}},"3":{"start":{"line":4,"column":0},"end":{"line":4,"column":28}},"4":{"start":{"line":5,"column":0},"end":{"line":5,"column":26}},"5":{"start":{"line":6,"column":0},"end":{"line":6,"column":33}},"7":{"start":{"line":8,"column":0},"end":{"line":8,"column":109}},"8":{"start":{"line":9,"column":0},"end":{"line":9,"column":25}},"9":{"start":{"line":10,"column":0},"end":{"line":10,"column":29}},"10":{"start":{"line":11,"column":0},"end":{"line":11,"column":27}},"11":{"start":{"line":12,"column":0},"end":{"line":12,"column":25}},"12":{"start":{"line":13,"column":0},"end":{"line":13,"column":41}},"13":{"start":{"line":14,"column":0},"end":{"line":14,"column":3}},"15":{"start":{"line":16,"column":0},"end":{"line":16,"column":16}},"16":{"start":{"line":17,"column":0},"end":{"line":17,"column":23}},"17":{"start":{"line":18,"column":0},"end":{"line":18,"column":3}},"19":{"start":{"line":20,"column":0},"end":{"line":20,"column":18}},"20":{"start":{"line":21,"column":0},"end":{"line":21,"column":25}},"21":{"start":{"line":22,"column":0},"end":{"line":22,"column":3}},"23":{"start":{"line":24,"column":0},"end":{"line":24,"column":17}},"24":{"start":{"line":25,"column":0},"end":{"line":25,"column":24}},"25":{"start":{"line":26,"column":0},"end":{"line":26,"column":3}},"27":{"start":{"line":28,"column":0},"end":{"line":28,"column":16}},"28":{"start":{"line":29,"column":0},"end":{"line":29,"column":23}},"29":{"start":{"line":30,"column":0},"end":{"line":30,"column":3}},"31":{"start":{"line":32,"column":0},"end":{"line":32,"column":24}},"32":{"start":{"line":33,"column":0},"end":{"line":33,"column":31}},"33":{"start":{"line":34,"column":0},"end":{"line":34,"column":3}},"34":{"start":{"line":35,"column":0},"end":{"line":35,"column":1}}},"s":{"0":1,"1":1,"2":10,"3":10,"4":10,"5":10,"7":1,"8":10,"9":10,"10":10,"11":10,"12":10,"13":10,"15":1,"16":15,"17":15,"19":1,"20":5,"21":5,"23":1,"24":1,"25":1,"27":1,"28":1,"29":1,"31":1,"32":5,"33":5,"34":1},"branchMap":{"0":{"type":"branch","line":2,"loc":{"start":{"line":2,"column":10},"end":{"line":6,"column":33}},"locations":[{"start":{"line":2,"column":10},"end":{"line":6,"column":33}}]},"1":{"type":"branch","line":8,"loc":{"start":{"line":8,"column":2},"end":{"line":14,"column":3}},"locations":[{"start":{"line":8,"column":2},"end":{"line":14,"column":3}}]},"2":{"type":"branch","line":16,"loc":{"start":{"line":16,"column":2},"end":{"line":18,"column":3}},"locations":[{"start":{"line":16,"column":2},"end":{"line":18,"column":3}}]},"3":{"type":"branch","line":20,"loc":{"start":{"line":20,"column":2},"end":{"line":22,"column":3}},"locations":[{"start":{"line":20,"column":2},"end":{"line":22,"column":3}}]},"4":{"type":"branch","line":24,"loc":{"start":{"line":24,"column":2},"end":{"line":26,"column":3}},"locations":[{"start":{"line":24,"column":2},"end":{"line":26,"column":3}}]},"5":{"type":"branch","line":28,"loc":{"start":{"line":28,"column":2},"end":{"line":30,"column":3}},"locations":[{"start":{"line":28,"column":2},"end":{"line":30,"column":3}}]},"6":{"type":"branch","line":32,"loc":{"start":{"line":32,"column":2},"end":{"line":34,"column":3}},"locations":[{"start":{"line":32,"column":2},"end":{"line":34,"column":3}}]}},"b":{"0":[10],"1":[10],"2":[15],"3":[5],"4":[1],"5":[1],"6":[5]},"fnMap":{"0":{"name":"<instance_members_initializer>","decl":{"start":{"line":2,"column":10},"end":{"line":6,"column":33}},"loc":{"start":{"line":2,"column":10},"end":{"line":6,"column":33}},"line":2},"1":{"name":"Cancion","decl":{"start":{"line":8,"column":2},"end":{"line":14,"column":3}},"loc":{"start":{"line":8,"column":2},"end":{"line":14,"column":3}},"line":8},"2":{"name":"get nombre","decl":{"start":{"line":16,"column":2},"end":{"line":18,"column":3}},"loc":{"start":{"line":16,"column":2},"end":{"line":18,"column":3}},"line":16},"3":{"name":"get duracion","decl":{"start":{"line":20,"column":2},"end":{"line":22,"column":3}},"loc":{"start":{"line":20,"column":2},"end":{"line":22,"column":3}},"line":20},"4":{"name":"get generos","decl":{"start":{"line":24,"column":2},"end":{"line":26,"column":3}},"loc":{"start":{"line":24,"column":2},"end":{"line":26,"column":3}},"line":24},"5":{"name":"get single","decl":{"start":{"line":28,"column":2},"end":{"line":30,"column":3}},"loc":{"start":{"line":28,"column":2},"end":{"line":30,"column":3}},"line":28},"6":{"name":"get reproducciones","decl":{"start":{"line":32,"column":2},"end":{"line":34,"column":3}},"loc":{"start":{"line":32,"column":2},"end":{"line":34,"column":3}},"line":32}},"f":{"0":10,"1":10,"2":15,"3":5,"4":1,"5":1,"6":5}}
,"/home/usuario/DSI/prct05/src/ejercicio-2/discografia.ts": {"path":"/home/usuario/DSI/prct05/src/ejercicio-2/discografia.ts","all":false,"statementMap":{"2":{"start":{"line":3,"column":0},"end":{"line":3,"column":26}},"3":{"start":{"line":4,"column":0},"end":{"line":4,"column":25}},"4":{"start":{"line":5,"column":0},"end":{"line":5,"column":23}},"5":{"start":{"line":6,"column":0},"end":{"line":6,"column":31}},"7":{"start":{"line":8,"column":0},"end":{"line":8,"column":67}},"8":{"start":{"line":9,"column":0},"end":{"line":9,"column":25}},"9":{"start":{"line":10,"column":0},"end":{"line":10,"column":21}},"10":{"start":{"line":11,"column":0},"end":{"line":11,"column":31}},"11":{"start":{"line":12,"column":0},"end":{"line":12,"column":3}},"13":{"start":{"line":14,"column":0},"end":{"line":14,"column":16}},"14":{"start":{"line":15,"column":0},"end":{"line":15,"column":23}},"15":{"start":{"line":16,"column":0},"end":{"line":16,"column":3}},"17":{"start":{"line":18,"column":0},"end":{"line":18,"column":14}},"18":{"start":{"line":19,"column":0},"end":{"line":19,"column":21}},"19":{"start":{"line":20,"column":0},"end":{"line":20,"column":3}},"21":{"start":{"line":22,"column":0},"end":{"line":22,"column":19}},"22":{"start":{"line":23,"column":0},"end":{"line":23,"column":26}},"23":{"start":{"line":24,"column":0},"end":{"line":24,"column":3}},"24":{"start":{"line":25,"column":0},"end":{"line":25,"column":1}}},"s":{"2":1,"3":1,"4":4,"5":4,"7":1,"8":4,"9":4,"10":4,"11":4,"13":1,"14":27,"15":27,"17":1,"18":1,"19":1,"21":1,"22":15,"23":15,"24":1},"branchMap":{"0":{"type":"branch","line":4,"loc":{"start":{"line":4,"column":10},"end":{"line":6,"column":31}},"locations":[{"start":{"line":4,"column":10},"end":{"line":6,"column":31}}]},"1":{"type":"branch","line":8,"loc":{"start":{"line":8,"column":2},"end":{"line":12,"column":3}},"locations":[{"start":{"line":8,"column":2},"end":{"line":12,"column":3}}]},"2":{"type":"branch","line":14,"loc":{"start":{"line":14,"column":2},"end":{"line":16,"column":3}},"locations":[{"start":{"line":14,"column":2},"end":{"line":16,"column":3}}]},"3":{"type":"branch","line":18,"loc":{"start":{"line":18,"column":2},"end":{"line":20,"column":3}},"locations":[{"start":{"line":18,"column":2},"end":{"line":20,"column":3}}]},"4":{"type":"branch","line":22,"loc":{"start":{"line":22,"column":2},"end":{"line":24,"column":3}},"locations":[{"start":{"line":22,"column":2},"end":{"line":24,"column":3}}]}},"b":{"0":[4],"1":[4],"2":[27],"3":[1],"4":[15]},"fnMap":{"0":{"name":"<instance_members_initializer>","decl":{"start":{"line":4,"column":10},"end":{"line":6,"column":31}},"loc":{"start":{"line":4,"column":10},"end":{"line":6,"column":31}},"line":4},"1":{"name":"Discografia","decl":{"start":{"line":8,"column":2},"end":{"line":12,"column":3}},"loc":{"start":{"line":8,"column":2},"end":{"line":12,"column":3}},"line":8},"2":{"name":"get nombre","decl":{"start":{"line":14,"column":2},"end":{"line":16,"column":3}},"loc":{"start":{"line":14,"column":2},"end":{"line":16,"column":3}},"line":14},"3":{"name":"get anio","decl":{"start":{"line":18,"column":2},"end":{"line":20,"column":3}},"loc":{"start":{"line":18,"column":2},"end":{"line":20,"column":3}},"line":18},"4":{"name":"get canciones","decl":{"start":{"line":22,"column":2},"end":{"line":24,"column":3}},"loc":{"start":{"line":22,"column":2},"end":{"line":24,"column":3}},"line":22}},"f":{"0":4,"1":4,"2":27,"3":1,"4":15}}
,"/home/usuario/DSI/prct05/src/ejercicio-2/main.ts": {"path":"/home/usuario/DSI/prct05/src/ejercicio-2/main.ts","all":true,"statementMap":{"0":{"start":{"line":1,"column":0},"end":{"line":1,"column":41}},"1":{"start":{"line":2,"column":0},"end":{"line":2,"column":35}},"2":{"start":{"line":3,"column":0},"end":{"line":3,"column":43}},"3":{"start":{"line":4,"column":0},"end":{"line":4,"column":35}},"5":{"start":{"line":6,"column":0},"end":{"line":6,"column":93}},"6":{"start":{"line":7,"column":0},"end":{"line":7,"column":91}},"8":{"start":{"line":9,"column":0},"end":{"line":9,"column":87}},"10":{"start":{"line":11,"column":0},"end":{"line":11,"column":59}},"12":{"start":{"line":13,"column":0},"end":{"line":13,"column":86}},"13":{"start":{"line":14,"column":0},"end":{"line":14,"column":85}},"15":{"start":{"line":16,"column":0},"end":{"line":16,"column":87}},"17":{"start":{"line":18,"column":0},"end":{"line":18,"column":60}},"19":{"start":{"line":20,"column":0},"end":{"line":20,"column":60}},"21":{"start":{"line":22,"column":0},"end":{"line":22,"column":46}},"22":{"start":{"line":23,"column":0},"end":{"line":23,"column":43}},"23":{"start":{"line":24,"column":0},"end":{"line":24,"column":53}},"25":{"start":{"line":26,"column":0},"end":{"line":26,"column":28}},"26":{"start":{"line":27,"column":0},"end":{"line":27,"column":28}},"27":{"start":{"line":28,"column":0},"end":{"line":28,"column":28}},"29":{"start":{"line":30,"column":0},"end":{"line":30,"column":77}},"30":{"start":{"line":31,"column":0},"end":{"line":31,"column":77}},"31":{"start":{"line":32,"column":0},"end":{"line":32,"column":99}}},"s":{"0":0,"1":0,"2":0,"3":0,"5":0,"6":0,"8":0,"10":0,"12":0,"13":0,"15":0,"17":0,"19":0,"21":0,"22":0,"23":0,"25":0,"26":0,"27":0,"29":0,"30":0,"31":0},"branchMap":{"0":{"type":"branch","line":1,"loc":{"start":{"line":1,"column":0},"end":{"line":32,"column":-306}},"locations":[{"start":{"line":1,"column":0},"end":{"line":32,"column":-306}}]}},"b":{"0":[0]},"fnMap":{"0":{"name":"(empty-report)","decl":{"start":{"line":1,"column":0},"end":{"line":32,"column":-306}},"loc":{"start":{"line":1,"column":0},"end":{"line":32,"column":-306}},"line":1}},"f":{"0":0}}
}
